<?xml version="1.0" encoding="UTF-8"?>
<!-- Generated by org.testng.reporters.JUnitXMLReporter -->
<testsuite ignored="0" hostname="DESKTOP-47P2MTB" failures="0" tests="4" name="Default test" time="8.451" errors="0" timestamp="2023-06-23T17:46:30 IST">
  <testcase classname="api.test.UserTests" name="testPostUser" time="4.083"/>
  <testcase classname="api.test.UserTests" name="testgetUser" time="1.148"/>
  <testcase classname="api.test.UserTests" name="testPutUser" time="1.069"/>
  <testcase classname="api.test.UserTests" name="testdeleteUser" time="1.072"/>
</testsuite> <!-- Default test -->
